2025-03-06 05:21:04,661 CRIT Supervisor is running as root.  Privileges were not dropped because no user is specified in the config file.  If you intend to run as root, you can set user=root in the config file to avoid this message.
2025-03-06 05:21:04,703 INFO supervisord started with pid 1
2025-03-06 05:21:05,726 INFO spawned: 'nginx' with pid 8
2025-03-06 05:21:05,734 INFO spawned: 'php-fpm' with pid 9
2025-03-06 05:21:06,264 WARN exited: nginx (exit status 1; not expected)
2025-03-06 05:21:07,046 INFO success: php-fpm entered RUNNING state, process has stayed up for > than 1 seconds (startsecs)
2025-03-06 05:21:07,431 INFO spawned: 'nginx' with pid 10
2025-03-06 05:21:08,529 INFO success: nginx entered RUNNING state, process has stayed up for > than 1 seconds (startsecs)
2025-03-06 05:21:08,530 WARN exited: nginx (exit status 1; not expected)
2025-03-06 05:21:09,535 INFO spawned: 'nginx' with pid 13
2025-03-06 05:21:09,580 WARN exited: nginx (exit status 1; not expected)
2025-03-06 05:21:10,599 INFO spawned: 'nginx' with pid 14
2025-03-06 05:21:10,680 WARN exited: nginx (exit status 1; not expected)
2025-03-06 05:21:12,708 INFO spawned: 'nginx' with pid 15
2025-03-06 05:21:12,743 WARN exited: nginx (exit status 1; not expected)
2025-03-06 05:21:15,770 INFO spawned: 'nginx' with pid 16
2025-03-06 05:21:15,809 WARN exited: nginx (exit status 1; not expected)
2025-03-06 05:21:16,820 INFO gave up: nginx entered FATAL state, too many start retries too quickly
2025-03-06 05:38:33,320 WARN received SIGQUIT indicating exit request
2025-03-06 05:38:33,366 INFO waiting for php-fpm to die
2025-03-06 05:38:34,613 INFO stopped: php-fpm (exit status 0)
2025-03-06 05:45:21,049 CRIT Supervisor is running as root.  Privileges were not dropped because no user is specified in the config file.  If you intend to run as root, you can set user=root in the config file to avoid this message.
2025-03-06 05:45:21,073 INFO supervisord started with pid 1
2025-03-06 05:45:22,083 INFO spawned: 'nginx' with pid 7
2025-03-06 05:45:22,107 INFO spawned: 'php-fpm' with pid 8
2025-03-06 05:45:22,256 WARN exited: nginx (exit status 1; not expected)
2025-03-06 05:45:23,683 INFO spawned: 'nginx' with pid 11
2025-03-06 05:45:23,690 INFO success: php-fpm entered RUNNING state, process has stayed up for > than 1 seconds (startsecs)
2025-03-06 05:45:23,780 WARN exited: nginx (exit status 1; not expected)
2025-03-06 05:45:25,814 INFO spawned: 'nginx' with pid 12
2025-03-06 05:45:25,870 WARN exited: nginx (exit status 1; not expected)
2025-03-06 05:45:28,899 INFO spawned: 'nginx' with pid 13
2025-03-06 05:45:28,977 WARN exited: nginx (exit status 1; not expected)
2025-03-06 05:45:29,991 INFO gave up: nginx entered FATAL state, too many start retries too quickly
2025-03-06 06:36:42,126 WARN received SIGQUIT indicating exit request
2025-03-06 06:36:42,253 INFO waiting for php-fpm to die
2025-03-06 06:36:43,824 INFO stopped: php-fpm (exit status 0)
2025-03-06 06:46:02,785 CRIT Supervisor is running as root.  Privileges were not dropped because no user is specified in the config file.  If you intend to run as root, you can set user=root in the config file to avoid this message.
2025-03-06 06:46:02,803 INFO supervisord started with pid 1
2025-03-06 06:46:03,827 INFO spawned: 'nginx' with pid 7
2025-03-06 06:46:03,847 INFO spawned: 'php-fpm' with pid 8
2025-03-06 06:46:05,179 INFO success: nginx entered RUNNING state, process has stayed up for > than 1 seconds (startsecs)
2025-03-06 06:46:05,181 INFO success: php-fpm entered RUNNING state, process has stayed up for > than 1 seconds (startsecs)
2025-03-06 11:48:48,731 WARN received SIGQUIT indicating exit request
2025-03-06 11:48:48,834 INFO waiting for nginx, php-fpm to die
2025-03-06 11:48:50,502 INFO stopped: php-fpm (exit status 0)
2025-03-06 11:48:51,659 INFO stopped: nginx (exit status 0)
2025-03-06 15:06:14,216 CRIT Supervisor is running as root.  Privileges were not dropped because no user is specified in the config file.  If you intend to run as root, you can set user=root in the config file to avoid this message.
2025-03-06 15:06:14,231 INFO supervisord started with pid 1
2025-03-06 15:06:15,236 INFO spawned: 'nginx' with pid 7
2025-03-06 15:06:15,244 INFO spawned: 'php-fpm' with pid 8
2025-03-06 15:06:16,613 INFO success: nginx entered RUNNING state, process has stayed up for > than 1 seconds (startsecs)
2025-03-06 15:06:16,614 INFO success: php-fpm entered RUNNING state, process has stayed up for > than 1 seconds (startsecs)
2025-03-06 16:32:35,337 WARN received SIGQUIT indicating exit request
2025-03-06 16:32:35,396 INFO waiting for nginx, php-fpm to die
2025-03-06 16:32:36,701 INFO stopped: php-fpm (exit status 0)
2025-03-06 16:32:37,904 INFO stopped: nginx (exit status 0)
2025-03-06 16:32:45,562 CRIT Supervisor is running as root.  Privileges were not dropped because no user is specified in the config file.  If you intend to run as root, you can set user=root in the config file to avoid this message.
2025-03-06 16:32:45,585 INFO supervisord started with pid 1
2025-03-06 16:32:46,613 INFO spawned: 'nginx' with pid 7
2025-03-06 16:32:46,716 INFO spawned: 'php-fpm' with pid 8
2025-03-06 16:32:47,591 INFO success: nginx entered RUNNING state, process has stayed up for > than 1 seconds (startsecs)
2025-03-06 16:32:47,954 INFO success: php-fpm entered RUNNING state, process has stayed up for > than 1 seconds (startsecs)
2025-03-06 16:43:22,856 WARN received SIGQUIT indicating exit request
2025-03-06 16:43:22,946 INFO waiting for nginx, php-fpm to die
2025-03-06 16:43:23,214 INFO stopped: php-fpm (exit status 0)
2025-03-06 16:43:24,300 INFO stopped: nginx (exit status 0)
2025-03-06 17:50:05,989 CRIT Supervisor is running as root.  Privileges were not dropped because no user is specified in the config file.  If you intend to run as root, you can set user=root in the config file to avoid this message.
2025-03-06 17:50:06,005 INFO supervisord started with pid 1
2025-03-06 17:50:07,010 INFO spawned: 'nginx' with pid 7
2025-03-06 17:50:07,016 INFO spawned: 'php-fpm' with pid 8
2025-03-06 17:50:08,419 INFO success: nginx entered RUNNING state, process has stayed up for > than 1 seconds (startsecs)
2025-03-06 17:50:08,421 INFO success: php-fpm entered RUNNING state, process has stayed up for > than 1 seconds (startsecs)
2025-03-06 18:07:14,103 WARN received SIGQUIT indicating exit request
2025-03-06 18:07:14,164 INFO waiting for nginx, php-fpm to die
2025-03-06 18:07:15,413 INFO stopped: php-fpm (exit status 0)
2025-03-06 18:07:15,477 INFO stopped: nginx (exit status 0)
